# JRE version: Java(TM) SE Runtime Environment (8.0_40-b26) (build 1.8.0_40-b26)
# Java VM: Java HotSpot(TM) 64-Bit Server VM (25.40-b25 mixed mode linux-amd64 compressed oops)
Heap:
 PSYoungGen      total 394752K, used 100722K [0x00000000dbe00000, 0x0000000100000000, 0x0000000100000000)
  eden space 197632K, 0% used [0x00000000dbe00000,0x00000000dbe00000,0x00000000e7f00000)
  from space 197120K, 51% used [0x00000000f3f80000,0x00000000fa1dc998,0x0000000100000000)
  to   space 197120K, 0% used [0x00000000e7f00000,0x00000000e7f00000,0x00000000f3f80000)
 ParOldGen       total 858112K, used 857628K [0x0000000093a00000, 0x00000000c8000000, 0x00000000dbe00000)
  object space 858112K, 99% used [0x0000000093a00000,0x00000000c7f871a8,0x00000000c8000000)
 Metaspace       used 6555K, capacity 6636K, committed 6784K, reserved 1056768K
  class space    used 762K, capacity 780K, committed 896K, reserved 1048576K
GC Heap History (10 events):
Event: 176,697 GC heap after
Heap after GC invocations=17 (full 4):
 PSYoungGen      total 345088K, used 114115K [0x00000000dbe00000, 0x00000000ffb80000, 0x0000000100000000)
  eden space 159744K, 0% used [0x00000000dbe00000,0x00000000dbe00000,0x00000000e5a00000)
  from space 185344K, 61% used [0x00000000e5a00000,0x00000000ec970d60,0x00000000f0f00000)
  to   space 187904K, 0% used [0x00000000f4400000,0x00000000f4400000,0x00000000ffb80000)
 ParOldGen       total 600576K, used 564875K [0x0000000093a00000, 0x00000000b8480000, 0x00000000dbe00000)
  object space 600576K, 94% used [0x0000000093a00000,0x00000000b61a2cc0,0x00000000b8480000)
 Metaspace       used 6555K, capacity 6636K, committed 6784K, reserved 1056768K
  class space    used 762K, capacity 780K, committed 896K, reserved 1048576K
}
Event: 176,697 GC heap before
{Heap before GC invocations=18 (full 5):
 PSYoungGen      total 345088K, used 114115K [0x00000000dbe00000, 0x00000000ffb80000, 0x0000000100000000)
  eden space 159744K, 0% used [0x00000000dbe00000,0x00000000dbe00000,0x00000000e5a00000)
  from space 185344K, 61% used [0x00000000e5a00000,0x00000000ec970d60,0x00000000f0f00000)
  to   space 187904K, 0% used [0x00000000f4400000,0x00000000f4400000,0x00000000ffb80000)
 ParOldGen       total 600576K, used 564875K [0x0000000093a00000, 0x00000000b8480000, 0x00000000dbe00000)
  object space 600576K, 94% used [0x0000000093a00000,0x00000000b61a2cc0,0x00000000b8480000)
 Metaspace       used 6555K, capacity 6636K, committed 6784K, reserved 1056768K
  class space    used 762K, capacity 780K, committed 896K, reserved 1048576K
Event: 183,395 GC heap after
Heap after GC invocations=18 (full 5):
 PSYoungGen      total 345088K, used 42249K [0x00000000dbe00000, 0x00000000ffb80000, 0x0000000100000000)
  eden space 159744K, 0% used [0x00000000dbe00000,0x00000000dbe00000,0x00000000e5a00000)
  from space 185344K, 22% used [0x00000000e5a00000,0x00000000e8342428,0x00000000f0f00000)
  to   space 187904K, 0% used [0x00000000f4400000,0x00000000f4400000,0x00000000ffb80000)
 ParOldGen       total 842752K, used 600152K [0x0000000093a00000, 0x00000000c7100000, 0x00000000dbe00000)
  object space 842752K, 71% used [0x0000000093a00000,0x00000000b8416050,0x00000000c7100000)
 Metaspace       used 6555K, capacity 6636K, committed 6784K, reserved 1056768K
  class space    used 762K, capacity 780K, committed 896K, reserved 1048576K
}
Event: 207,983 GC heap before
{Heap before GC invocations=19 (full 5):
 PSYoungGen      total 345088K, used 201993K [0x00000000dbe00000, 0x00000000ffb80000, 0x0000000100000000)
  eden space 159744K, 100% used [0x00000000dbe00000,0x00000000e5a00000,0x00000000e5a00000)
  from space 185344K, 22% used [0x00000000e5a00000,0x00000000e8342428,0x00000000f0f00000)
  to   space 187904K, 0% used [0x00000000f4400000,0x00000000f4400000,0x00000000ffb80000)
 ParOldGen       total 842752K, used 600152K [0x0000000093a00000, 0x00000000c7100000, 0x00000000dbe00000)
  object space 842752K, 71% used [0x0000000093a00000,0x00000000b8416050,0x00000000c7100000)
 Metaspace       used 6555K, capacity 6636K, committed 6784K, reserved 1056768K
  class space    used 762K, capacity 780K, committed 896K, reserved 1048576K
Event: 209,768 GC heap after
Heap after GC invocations=19 (full 5):
 PSYoungGen      total 368640K, used 94624K [0x00000000dbe00000, 0x00000000fe600000, 0x0000000100000000)
  eden space 202752K, 0% used [0x00000000dbe00000,0x00000000dbe00000,0x00000000e8400000)
  from space 165888K, 57% used [0x00000000f4400000,0x00000000fa068000,0x00000000fe600000)
  to   space 181248K, 0% used [0x00000000e8400000,0x00000000e8400000,0x00000000f3500000)
 ParOldGen       total 842752K, used 642515K [0x0000000093a00000, 0x00000000c7100000, 0x00000000dbe00000)
  object space 842752K, 76% used [0x0000000093a00000,0x00000000bad74da0,0x00000000c7100000)
 Metaspace       used 6555K, capacity 6636K, committed 6784K, reserved 1056768K
  class space    used 762K, capacity 780K, committed 896K, reserved 1048576K
}
Event: 242,920 GC heap before
{Heap before GC invocations=20 (full 5):
 PSYoungGen      total 368640K, used 297376K [0x00000000dbe00000, 0x00000000fe600000, 0x0000000100000000)
  eden space 202752K, 100% used [0x00000000dbe00000,0x00000000e8400000,0x00000000e8400000)
  from space 165888K, 57% used [0x00000000f4400000,0x00000000fa068000,0x00000000fe600000)
  to   space 181248K, 0% used [0x00000000e8400000,0x00000000e8400000,0x00000000f3500000)
 ParOldGen       total 842752K, used 642515K [0x0000000093a00000, 0x00000000c7100000, 0x00000000dbe00000)
  object space 842752K, 76% used [0x0000000093a00000,0x00000000bad74da0,0x00000000c7100000)
 Metaspace       used 6555K, capacity 6636K, committed 6784K, reserved 1056768K
  class space    used 762K, capacity 780K, committed 896K, reserved 1048576K
Event: 244,859 GC heap after
Heap after GC invocations=20 (full 5):
 PSYoungGen      total 384000K, used 181248K [0x00000000dbe00000, 0x0000000100000000, 0x0000000100000000)
  eden space 202752K, 0% used [0x00000000dbe00000,0x00000000dbe00000,0x00000000e8400000)
  from space 181248K, 100% used [0x00000000e8400000,0x00000000f3500000,0x00000000f3500000)
  to   space 197120K, 0% used [0x00000000f3f80000,0x00000000f3f80000,0x0000000100000000)
 ParOldGen       total 842752K, used 675491K [0x0000000093a00000, 0x00000000c7100000, 0x00000000dbe00000)
  object space 842752K, 80% used [0x0000000093a00000,0x00000000bcda8da0,0x00000000c7100000)
 Metaspace       used 6555K, capacity 6636K, committed 6784K, reserved 1056768K
  class space    used 762K, capacity 780K, committed 896K, reserved 1048576K
}
Event: 271,035 GC heap before
{Heap before GC invocations=21 (full 5):
 PSYoungGen      total 384000K, used 384000K [0x00000000dbe00000, 0x0000000100000000, 0x0000000100000000)
  eden space 202752K, 100% used [0x00000000dbe00000,0x00000000e8400000,0x00000000e8400000)
  from space 181248K, 100% used [0x00000000e8400000,0x00000000f3500000,0x00000000f3500000)
  to   space 197120K, 0% used [0x00000000f3f80000,0x00000000f3f80000,0x0000000100000000)
 ParOldGen       total 842752K, used 675491K [0x0000000093a00000, 0x00000000c7100000, 0x00000000dbe00000)
  object space 842752K, 80% used [0x0000000093a00000,0x00000000bcda8da0,0x00000000c7100000)
 Metaspace       used 6555K, capacity 6636K, committed 6784K, reserved 1056768K
  class space    used 762K, capacity 780K, committed 896K, reserved 1048576K
Event: 274,186 GC heap after
Heap after GC invocations=21 (full 5):
 PSYoungGen      total 394752K, used 128916K [0x00000000dbe00000, 0x0000000100000000, 0x0000000100000000)
  eden space 197632K, 0% used [0x00000000dbe00000,0x00000000dbe00000,0x00000000e7f00000)
  from space 197120K, 65% used [0x00000000f3f80000,0x00000000fbd653f0,0x0000000100000000)
  to   space 197120K, 0% used [0x00000000e7f00000,0x00000000e7f00000,0x00000000f3f80000)
 ParOldGen       total 858112K, used 857019K [0x0000000093a00000, 0x00000000c8000000, 0x00000000dbe00000)
  object space 858112K, 99% used [0x0000000093a00000,0x00000000c7eeeda0,0x00000000c8000000)
 Metaspace       used 6555K, capacity 6636K, committed 6784K, reserved 1056768K
  class space    used 762K, capacity 780K, committed 896K, reserved 1048576K
}
Event: 274,187 GC heap before
{Heap before GC invocations=22 (full 6):
 PSYoungGen      total 394752K, used 128916K [0x00000000dbe00000, 0x0000000100000000, 0x0000000100000000)
  eden space 197632K, 0% used [0x00000000dbe00000,0x00000000dbe00000,0x00000000e7f00000)
  from space 197120K, 65% used [0x00000000f3f80000,0x00000000fbd653f0,0x0000000100000000)
  to   space 197120K, 0% used [0x00000000e7f00000,0x00000000e7f00000,0x00000000f3f80000)
 ParOldGen       total 858112K, used 857019K [0x0000000093a00000, 0x00000000c8000000, 0x00000000dbe00000)
  object space 858112K, 99% used [0x0000000093a00000,0x00000000c7eeeda0,0x00000000c8000000)
 Metaspace       used 6555K, capacity 6636K, committed 6784K, reserved 1056768K
  class space    used 762K, capacity 780K, committed 896K, reserved 1048576K

