# JRE version: Java(TM) SE Runtime Environment (8.0_40-b26) (build 1.8.0_40-b26)
# Java VM: Java HotSpot(TM) 64-Bit Server VM (25.40-b25 mixed mode linux-amd64 compressed oops)
Heap:
 PSYoungGen      total 202240K, used 109551K [0x00000000dbe00000, 0x00000000f2c80000, 0x0000000100000000)
  eden space 92672K, 0% used [0x00000000dbe00000,0x00000000dbe00000,0x00000000e1880000)
  from space 109568K, 99% used [0x00000000e1880000,0x00000000e837bef8,0x00000000e8380000)
  to   space 88064K, 0% used [0x00000000e8380000,0x00000000e8380000,0x00000000ed980000)
 ParOldGen       total 378880K, used 263486K [0x0000000093a00000, 0x00000000aac00000, 0x00000000dbe00000)
  object space 378880K, 69% used [0x0000000093a00000,0x00000000a3b4f930,0x00000000aac00000)
 Metaspace       used 6497K, capacity 6636K, committed 6784K, reserved 1056768K
  class space    used 758K, capacity 780K, committed 896K, reserved 1048576K
GC Heap History (10 events):
Event: 8,214 GC heap after
Heap after GC invocations=5 (full 1):
 PSYoungGen      total 86528K, used 4576K [0x00000000dbe00000, 0x00000000e3500000, 0x0000000100000000)
  eden space 81920K, 0% used [0x00000000dbe00000,0x00000000dbe00000,0x00000000e0e00000)
  from space 4608K, 99% used [0x00000000e3080000,0x00000000e34f8020,0x00000000e3500000)
  to   space 4608K, 0% used [0x00000000e2c00000,0x00000000e2c00000,0x00000000e3080000)
 ParOldGen       total 180736K, used 127283K [0x0000000093a00000, 0x000000009ea80000, 0x00000000dbe00000)
  object space 180736K, 70% used [0x0000000093a00000,0x000000009b64cfb8,0x000000009ea80000)
 Metaspace       used 4849K, capacity 4940K, committed 5248K, reserved 1056768K
  class space    used 553K, capacity 556K, committed 640K, reserved 1048576K
}
Event: 8,215 GC heap before
{Heap before GC invocations=6 (full 2):
 PSYoungGen      total 86528K, used 4576K [0x00000000dbe00000, 0x00000000e3500000, 0x0000000100000000)
  eden space 81920K, 0% used [0x00000000dbe00000,0x00000000dbe00000,0x00000000e0e00000)
  from space 4608K, 99% used [0x00000000e3080000,0x00000000e34f8020,0x00000000e3500000)
  to   space 4608K, 0% used [0x00000000e2c00000,0x00000000e2c00000,0x00000000e3080000)
 ParOldGen       total 180736K, used 127283K [0x0000000093a00000, 0x000000009ea80000, 0x00000000dbe00000)
  object space 180736K, 70% used [0x0000000093a00000,0x000000009b64cfb8,0x000000009ea80000)
 Metaspace       used 4849K, capacity 4940K, committed 5248K, reserved 1056768K
  class space    used 553K, capacity 556K, committed 640K, reserved 1048576K
Event: 8,936 GC heap after
Heap after GC invocations=6 (full 2):
 PSYoungGen      total 86528K, used 0K [0x00000000dbe00000, 0x00000000e3500000, 0x0000000100000000)
  eden space 81920K, 0% used [0x00000000dbe00000,0x00000000dbe00000,0x00000000e0e00000)
  from space 4608K, 0% used [0x00000000e3080000,0x00000000e3080000,0x00000000e3500000)
  to   space 4608K, 0% used [0x00000000e2c00000,0x00000000e2c00000,0x00000000e3080000)
 ParOldGen       total 261120K, used 130340K [0x0000000093a00000, 0x00000000a3900000, 0x00000000dbe00000)
  object space 261120K, 49% used [0x0000000093a00000,0x000000009b949290,0x00000000a3900000)
 Metaspace       used 4849K, capacity 4940K, committed 5248K, reserved 1056768K
  class space    used 553K, capacity 556K, committed 640K, reserved 1048576K
}
Event: 11,139 GC heap before
{Heap before GC invocations=7 (full 2):
 PSYoungGen      total 86528K, used 81920K [0x00000000dbe00000, 0x00000000e3500000, 0x0000000100000000)
  eden space 81920K, 100% used [0x00000000dbe00000,0x00000000e0e00000,0x00000000e0e00000)
  from space 4608K, 0% used [0x00000000e3080000,0x00000000e3080000,0x00000000e3500000)
  to   space 4608K, 0% used [0x00000000e2c00000,0x00000000e2c00000,0x00000000e3080000)
 ParOldGen       total 261120K, used 130340K [0x0000000093a00000, 0x00000000a3900000, 0x00000000dbe00000)
  object space 261120K, 49% used [0x0000000093a00000,0x000000009b949290,0x00000000a3900000)
 Metaspace       used 4849K, capacity 4940K, committed 5248K, reserved 1056768K
  class space    used 553K, capacity 556K, committed 640K, reserved 1048576K
Event: 11,677 GC heap after
Heap after GC invocations=7 (full 2):
 PSYoungGen      total 117248K, used 4576K [0x00000000dbe00000, 0x00000000ed980000, 0x0000000100000000)
  eden space 112640K, 0% used [0x00000000dbe00000,0x00000000dbe00000,0x00000000e2c00000)
  from space 4608K, 99% used [0x00000000e2c00000,0x00000000e3078010,0x00000000e3080000)
  to   space 88064K, 0% used [0x00000000e8380000,0x00000000e8380000,0x00000000ed980000)
 ParOldGen       total 261120K, used 206508K [0x0000000093a00000, 0x00000000a3900000, 0x00000000dbe00000)
  object space 261120K, 79% used [0x0000000093a00000,0x00000000a03ab1f0,0x00000000a3900000)
 Metaspace       used 4849K, capacity 4940K, committed 5248K, reserved 1056768K
  class space    used 553K, capacity 556K, committed 640K, reserved 1048576K
}
Event: 11,677 GC heap before
{Heap before GC invocations=8 (full 3):
 PSYoungGen      total 117248K, used 4576K [0x00000000dbe00000, 0x00000000ed980000, 0x0000000100000000)
  eden space 112640K, 0% used [0x00000000dbe00000,0x00000000dbe00000,0x00000000e2c00000)
  from space 4608K, 99% used [0x00000000e2c00000,0x00000000e3078010,0x00000000e3080000)
  to   space 88064K, 0% used [0x00000000e8380000,0x00000000e8380000,0x00000000ed980000)
 ParOldGen       total 261120K, used 206508K [0x0000000093a00000, 0x00000000a3900000, 0x00000000dbe00000)
  object space 261120K, 79% used [0x0000000093a00000,0x00000000a03ab1f0,0x00000000a3900000)
 Metaspace       used 4849K, capacity 4940K, committed 5248K, reserved 1056768K
  class space    used 553K, capacity 556K, committed 640K, reserved 1048576K
Event: 12,889 GC heap after
Heap after GC invocations=8 (full 3):
 PSYoungGen      total 117248K, used 0K [0x00000000dbe00000, 0x00000000ed980000, 0x0000000100000000)
  eden space 112640K, 0% used [0x00000000dbe00000,0x00000000dbe00000,0x00000000e2c00000)
  from space 4608K, 0% used [0x00000000e2c00000,0x00000000e2c00000,0x00000000e3080000)
  to   space 88064K, 0% used [0x00000000e8380000,0x00000000e8380000,0x00000000ed980000)
 ParOldGen       total 378880K, used 194542K [0x0000000093a00000, 0x00000000aac00000, 0x00000000dbe00000)
  object space 378880K, 51% used [0x0000000093a00000,0x000000009f7fb930,0x00000000aac00000)
 Metaspace       used 4849K, capacity 4940K, committed 5248K, reserved 1056768K
  class space    used 553K, capacity 556K, committed 640K, reserved 1048576K
}
Event: 16,680 GC heap before
{Heap before GC invocations=9 (full 3):
 PSYoungGen      total 117248K, used 112640K [0x00000000dbe00000, 0x00000000ed980000, 0x0000000100000000)
  eden space 112640K, 100% used [0x00000000dbe00000,0x00000000e2c00000,0x00000000e2c00000)
  from space 4608K, 0% used [0x00000000e2c00000,0x00000000e2c00000,0x00000000e3080000)
  to   space 88064K, 0% used [0x00000000e8380000,0x00000000e8380000,0x00000000ed980000)
 ParOldGen       total 378880K, used 194542K [0x0000000093a00000, 0x00000000aac00000, 0x00000000dbe00000)
  object space 378880K, 51% used [0x0000000093a00000,0x000000009f7fb930,0x00000000aac00000)
 Metaspace       used 6497K, capacity 6636K, committed 6784K, reserved 1056768K
  class space    used 758K, capacity 780K, committed 896K, reserved 1048576K
Event: 17,950 GC heap after
Heap after GC invocations=9 (full 3):
 PSYoungGen      total 180736K, used 88047K [0x00000000dbe00000, 0x00000000f2c80000, 0x0000000100000000)
  eden space 92672K, 0% used [0x00000000dbe00000,0x00000000dbe00000,0x00000000e1880000)
  from space 88064K, 99% used [0x00000000e8380000,0x00000000ed97bed8,0x00000000ed980000)
  to   space 109568K, 0% used [0x00000000e1880000,0x00000000e1880000,0x00000000e8380000)
 ParOldGen       total 378880K, used 202150K [0x0000000093a00000, 0x00000000aac00000, 0x00000000dbe00000)
  object space 378880K, 53% used [0x0000000093a00000,0x000000009ff69930,0x00000000aac00000)
 Metaspace       used 6497K, capacity 6636K, committed 6784K, reserved 1056768K
  class space    used 758K, capacity 780K, committed 896K, reserved 1048576K
}
Event: 20,429 GC heap before
{Heap before GC invocations=10 (full 3):
 PSYoungGen      total 180736K, used 180719K [0x00000000dbe00000, 0x00000000f2c80000, 0x0000000100000000)
  eden space 92672K, 100% used [0x00000000dbe00000,0x00000000e1880000,0x00000000e1880000)
  from space 88064K, 99% used [0x00000000e8380000,0x00000000ed97bed8,0x00000000ed980000)
  to   space 109568K, 0% used [0x00000000e1880000,0x00000000e1880000,0x00000000e8380000)
 ParOldGen       total 378880K, used 202150K [0x0000000093a00000, 0x00000000aac00000, 0x00000000dbe00000)
  object space 378880K, 53% used [0x0000000093a00000,0x000000009ff69930,0x00000000aac00000)
 Metaspace       used 6497K, capacity 6636K, committed 6784K, reserved 1056768K
  class space    used 758K, capacity 780K, committed 896K, reserved 1048576K

